<?xml version="1.0" encoding="utf-8"?><testsuites name="pytest tests"><testsuite name="pytest" errors="0" failures="0" skipped="0" tests="19" time="5.437" timestamp="2026-05-19T10:08:43.646957+00:00" hostname="agent-env-0dd64f46-d1b6-4d6d-a93c-794f00cc4516"><testcase classname="backend.tests.test_refactor_full_regression" name="test_health_ok" time="0.121" /><testcase classname="backend.tests.test_refactor_full_regression" name="test_homepage_defaults" time="0.100" /><testcase classname="backend.tests.test_refactor_full_regression" name="test_interiors_defaults_and_cost_matrix" time="0.103" /><testcase classname="backend.tests.test_refactor_full_regression" name="test_banks_seeded_min_8_includes_sbi_hdfc" time="0.099" /><testcase classname="backend.tests.test_refactor_full_regression" name="test_amenities_seeded_min_30" time="0.096" /><testcase classname="backend.tests.test_refactor_full_regression" name="test_bangalore_localities_seeded_min_15" time="0.097" /><testcase classname="backend.tests.test_refactor_full_regression" name="test_login_sets_httponly_samesite_cookie_and_returns_token" time="0.321" /><testcase classname="backend.tests.test_refactor_full_regression" name="test_auth_me_via_bearer_excludes_id_and_password_hash" time="0.420" /><testcase classname="backend.tests.test_refactor_full_regression" name="test_auth_me_via_cookie_only" time="0.392" /><testcase classname="backend.tests.test_refactor_full_regression" name="test_logout_clears_cookies" time="0.457" /><testcase classname="backend.tests.test_refactor_full_regression" name="test_listings_seeded_at_least_12" time="0.098" /><testcase classname="backend.tests.test_refactor_full_regression" name="test_projects_seeded_with_relations" time="0.103" /><testcase classname="backend.tests.test_refactor_full_regression" name="test_universal_search_whitefield" time="0.100" /><testcase classname="backend.tests.test_refactor_full_regression" name="test_inquiry_public_post_and_duplicate_409" time="0.298" /><testcase classname="backend.tests.test_refactor_full_regression" name="test_admin_put_content_homepage_deep_merges" time="0.738" /><testcase classname="backend.tests.test_refactor_full_regression" name="test_cors_preflight_has_acao_header" time="0.065" /><testcase classname="backend.tests.test_refactor_full_regression" name="test_upload_authenticated_does_not_500" time="0.604" /><testcase classname="backend.tests.test_refactor_full_regression" name="test_admin_users_admin_200_customer_403" time="0.858" /><testcase classname="backend.tests.test_refactor_full_regression" name="test_project_microsite_by_slug_bangalore" time="0.269" /></testsuite></testsuites>