<?xml version="1.0" encoding="utf-8"?><testsuites name="pytest tests"><testsuite name="pytest" errors="0" failures="0" skipped="0" tests="48" time="16.297" timestamp="2026-05-26T10:23:37.948612+00:00" hostname="agent-env-a196b9e8-49cd-450e-91b7-cabe7cde4faa"><testcase classname="backend.tests.test_workflow_tweaks" name="test_verification_accepts_project_name_and_multiple_pdf_urls" time="1.588" /><testcase classname="backend.tests.test_workflow_tweaks" name="test_verification_rejects_empty_pdf_urls" time="0.103" /><testcase classname="backend.tests.test_workflow_tweaks" name="test_verification_legacy_single_pdf_still_works" time="0.111" /><testcase classname="backend.tests.test_workflow_tweaks" name="test_designer_verifications_hide_email_mobile" time="0.435" /><testcase classname="backend.tests.test_workflow_tweaks" name="test_designer_design_projects_hide_email_mobile" time="0.452" /><testcase classname="backend.tests.test_workflow_tweaks" name="test_admin_analytics_overview_shape" time="0.121" /><testcase classname="backend.tests.test_workflow_tweaks" name="test_admin_analytics_overview_forbidden_for_non_admin" time="0.120" /><testcase classname="backend.tests.test_workflow_tweaks" name="test_leads_followup_today_filter" time="0.103" /><testcase classname="backend.tests.test_crm_phase_a" name="test_crm_default_seeds" time="1.003" /><testcase classname="backend.tests.test_crm_phase_a" name="test_crm_status_crud" time="0.315" /><testcase classname="backend.tests.test_crm_phase_a" name="test_crm_source_admin_only" time="0.429" /><testcase classname="backend.tests.test_crm_phase_a" name="test_lead_create_admin" time="0.210" /><testcase classname="backend.tests.test_crm_phase_a" name="test_lead_create_sales_auto_assigns_self" time="0.138" /><testcase classname="backend.tests.test_crm_phase_a" name="test_lead_create_requires_name_phone" time="0.102" /><testcase classname="backend.tests.test_crm_phase_a" name="test_lead_create_rejects_unknown_status" time="0.098" /><testcase classname="backend.tests.test_crm_phase_a" name="test_lead_list_sales_scoped_to_self" time="0.100" /><testcase classname="backend.tests.test_crm_phase_a" name="test_sales_cannot_delete" time="0.352" /><testcase classname="backend.tests.test_crm_phase_a" name="test_sales_cannot_use_admin_put_endpoint" time="0.210" /><testcase classname="backend.tests.test_crm_phase_a" name="test_status_change_auto_reassigns_role" time="0.749" /><testcase classname="backend.tests.test_crm_phase_a" name="test_comment_only_assignee_or_admin" time="0.531" /><testcase classname="backend.tests.test_crm_phase_a" name="test_followup_and_filter" time="0.535" /><testcase classname="backend.tests.test_crm_phase_a" name="test_public_lead_capture" time="0.110" /><testcase classname="backend.tests.test_crm_phase_a" name="test_public_lead_requires_name_phone" time="0.114" /><testcase classname="backend.tests.test_crm_phase_a" name="test_interior_leads_shim_writes_unified" time="0.102" /><testcase classname="backend.tests.test_crm_phase_a" name="test_discovery_calls_shim_writes_unified" time="0.105" /><testcase classname="backend.tests.test_crm_phase_a" name="test_csv_export_admin_only" time="0.201" /><testcase classname="backend.tests.test_crm_phase_a" name="test_budget_options_public" time="0.102" /><testcase classname="backend.tests.test_phase_b_package_adjustment" name="test_packages_endpoint_lists_options" time="0.564" /><testcase classname="backend.tests.test_phase_b_package_adjustment" name="test_reject_package_auto_calculates_differential" time="0.957" /><testcase classname="backend.tests.test_phase_b_package_adjustment" name="test_reject_package_missing_corrected_fields_400" time="0.202" /><testcase classname="backend.tests.test_phase_b_package_adjustment" name="test_reject_package_unknown_combo_400" time="0.201" /><testcase classname="backend.tests.test_phase_b_package_adjustment" name="test_reject_package_no_differential_auto_approves" time="0.355" /><testcase classname="backend.tests.test_phase_b_package_adjustment" name="test_customer_pays_package_adjustment" time="0.532" /><testcase classname="backend.tests.test_phase_b_package_adjustment" name="test_pay_without_adjustment_400" time="0.102" /><testcase classname="backend.tests.test_phase_b_package_adjustment" name="test_approve_still_pushes_scheduling" time="0.306" /><testcase classname="backend.tests.test_phase_c_design_iteration" name="test_admin_starts_designing_creates_project" time="1.322" /><testcase classname="backend.tests.test_phase_c_design_iteration" name="test_customer_phase_set_to_designing" time="0.103" /><testcase classname="backend.tests.test_phase_c_design_iteration" name="test_designer_upload_requires_comment" time="0.439" /><testcase classname="backend.tests.test_phase_c_design_iteration" name="test_designer_upload_rejects_disallowed_type" time="0.117" /><testcase classname="backend.tests.test_phase_c_design_iteration" name="test_designer_upload_succeeds" time="0.272" /><testcase classname="backend.tests.test_phase_c_design_iteration" name="test_customer_sees_image" time="0.106" /><testcase classname="backend.tests.test_phase_c_design_iteration" name="test_customer_needs_improvement_requires_comment" time="0.211" /><testcase classname="backend.tests.test_phase_c_design_iteration" name="test_customer_needs_improvement_loop" time="0.580" /><testcase classname="backend.tests.test_phase_c_design_iteration" name="test_project_only_promotes_when_all_approved" time="0.326" /><testcase classname="backend.tests.test_phase_c_design_iteration" name="test_quotation_status_endpoint_not_yet_available" time="0.101" /><testcase classname="backend.tests.test_phase_c_design_iteration" name="test_full_approval_promotes_to_quotation" time="0.468" /><testcase classname="backend.tests.test_phase_c_design_iteration" name="test_admin_quotation_status_dropdown_uses_crm_statuses" time="0.210" /><testcase classname="backend.tests.test_phase_c_design_iteration" name="test_admin_filter_ready_for_quotation" time="0.107" /></testsuite></testsuites>