<?xml version="1.0" encoding="utf-8"?><testsuites name="pytest tests"><testsuite name="pytest" errors="0" failures="0" skipped="0" tests="94" time="22.546" timestamp="2026-05-19T10:08:53.262903+00:00" hostname="agent-env-0dd64f46-d1b6-4d6d-a93c-794f00cc4516"><testcase classname="backend.tests.test_homesqre_backend" name="test_root" time="0.094" /><testcase classname="backend.tests.test_homesqre_backend.TestAuth" name="test_register_and_dev_otp" time="0.348" /><testcase classname="backend.tests.test_homesqre_backend.TestAuth" name="test_register_duplicate_email_400" time="0.047" /><testcase classname="backend.tests.test_homesqre_backend.TestAuth" name="test_verify_otp_accepts_000000" time="0.318" /><testcase classname="backend.tests.test_homesqre_backend.TestAuth" name="test_seeded_user_login[admin@homesqre.com-Homesqre@2026-admin]" time="0.266" /><testcase classname="backend.tests.test_homesqre_backend.TestAuth" name="test_seeded_user_login[agent@homesqre.com-Agent@2026-agent]" time="0.272" /><testcase classname="backend.tests.test_homesqre_backend.TestAuth" name="test_seeded_user_login[builder@homesqre.com-Builder@2026-builder]" time="0.265" /><testcase classname="backend.tests.test_homesqre_backend.TestAuth" name="test_seeded_user_login[customer@homesqre.com-Customer@2026-customer]" time="0.266" /><testcase classname="backend.tests.test_homesqre_backend.TestAuth" name="test_login_wrong_password_401" time="0.303" /><testcase classname="backend.tests.test_homesqre_backend.TestAuth" name="test_me_via_bearer" time="0.348" /><testcase classname="backend.tests.test_homesqre_backend.TestAuth" name="test_me_via_cookie" time="0.438" /><testcase classname="backend.tests.test_homesqre_backend.TestAuth" name="test_logout_clears_cookie" time="0.361" /><testcase classname="backend.tests.test_homesqre_backend.TestAuth" name="test_me_without_auth_401" time="0.105" /><testcase classname="backend.tests.test_homesqre_backend.TestAuth" name="test_forgot_and_reset_password" time="1.152" /><testcase classname="backend.tests.test_homesqre_backend.TestAuth" name="test_forgot_unknown_email_returns_ok_no_leak" time="0.044" /><testcase classname="backend.tests.test_homesqre_backend.TestCatalog" name="test_banks_seeded" time="0.050" /><testcase classname="backend.tests.test_homesqre_backend.TestCatalog" name="test_amenities_seeded" time="0.040" /><testcase classname="backend.tests.test_homesqre_backend.TestCatalog" name="test_cities_seeded" time="0.083" /><testcase classname="backend.tests.test_homesqre_backend.TestCatalog" name="test_localities_seeded" time="0.043" /><testcase classname="backend.tests.test_homesqre_backend.TestListings" name="test_list_listings_seeded" time="0.042" /><testcase classname="backend.tests.test_homesqre_backend.TestListings" name="test_get_listing_increments_views" time="0.205" /><testcase classname="backend.tests.test_homesqre_backend.TestListings" name="test_agent_create_update_delete" time="0.602" /><testcase classname="backend.tests.test_homesqre_backend.TestListings" name="test_customer_cannot_create_listing" time="0.386" /><testcase classname="backend.tests.test_homesqre_backend.TestListings" name="test_unauth_cannot_create_listing" time="0.098" /><testcase classname="backend.tests.test_homesqre_backend.TestProjects" name="test_list_projects_seeded" time="0.041" /><testcase classname="backend.tests.test_homesqre_backend.TestProjects" name="test_get_by_slug" time="0.088" /><testcase classname="backend.tests.test_homesqre_backend.TestProjects" name="test_builder_create_update" time="0.435" /><testcase classname="backend.tests.test_homesqre_backend.TestProjects" name="test_agent_cannot_create_project" time="0.043" /><testcase classname="backend.tests.test_homesqre_backend.TestInquiries" name="test_create_inquiry_for_listing_autoassign" time="0.186" /><testcase classname="backend.tests.test_homesqre_backend.TestInquiries" name="test_create_inquiry_requires_listing_or_project" time="0.042" /><testcase classname="backend.tests.test_homesqre_backend.TestInquiries" name="test_agent_only_sees_own" time="0.087" /><testcase classname="backend.tests.test_homesqre_backend.TestInquiries" name="test_update_inquiry_note_and_status" time="0.125" /><testcase classname="backend.tests.test_homesqre_backend.TestLeads" name="test_interior_lead_create_and_admin_list" time="0.132" /><testcase classname="backend.tests.test_homesqre_backend.TestLeads" name="test_loan_lead_create_and_admin_list" time="0.084" /><testcase classname="backend.tests.test_homesqre_backend.TestSearch" name="test_search_returns_three_buckets" time="0.045" /><testcase classname="backend.tests.test_homesqre_backend.TestContent" name="test_homepage_default" time="0.041" /><testcase classname="backend.tests.test_homesqre_backend.TestContent" name="test_interiors_default" time="0.043" /><testcase classname="backend.tests.test_homesqre_backend.TestContent" name="test_admin_update_homepage" time="0.178" /><testcase classname="backend.tests.test_homesqre_backend.TestAdmin" name="test_admin_list_users" time="0.044" /><testcase classname="backend.tests.test_homesqre_backend.TestAdmin" name="test_non_admin_cannot_list_users" time="0.041" /><testcase classname="backend.tests.test_homesqre_backend.TestAdmin" name="test_admin_update_user_role" time="0.357" /><testcase classname="backend.tests.test_homesqre_backend.TestAdmin" name="test_admin_listing_status" time="0.126" /><testcase classname="backend.tests.test_homesqre_backend.TestAdmin" name="test_admin_project_status" time="0.117" /><testcase classname="backend.tests.test_homesqre_backend.TestAdmin" name="test_admin_update_bank_logs_rate" time="0.143" /><testcase classname="backend.tests.test_homesqre_backend.TestAdmin" name="test_admin_toggle_amenity" time="0.132" /><testcase classname="backend.tests.test_homesqre_backend.TestAdmin" name="test_builder_suggested_amenity_pending" time="0.042" /><testcase classname="backend.tests.test_homesqre_backend.TestAdmin" name="test_admin_analytics" time="0.088" /><testcase classname="backend.tests.test_homesqre_backend.TestAuthz" name="test_agent_cannot_edit_other_agent_listing" time="0.705" /><testcase classname="backend.tests.test_homesqre_backend.TestAuthz" name="test_builder_cannot_edit_other_builder_project" time="0.780" /><testcase classname="backend.tests.test_homesqre_backend.TestFavourites" name="test_add_list_remove" time="0.346" /><testcase classname="backend.tests.test_homesqre_new_features.TestMeProfile" name="test_register_returns_profile_completed_true" time="0.363" /><testcase classname="backend.tests.test_homesqre_new_features.TestMeProfile" name="test_update_profile_authed" time="0.331" /><testcase classname="backend.tests.test_homesqre_new_features.TestMeProfile" name="test_update_profile_rejects_invalid_role" time="0.385" /><testcase classname="backend.tests.test_homesqre_new_features.TestMeProfile" name="test_update_profile_unauthenticated_401" time="0.126" /><testcase classname="backend.tests.test_homesqre_new_features.TestContentCMS" name="test_admin_update_homepage" time="0.371" /><testcase classname="backend.tests.test_homesqre_new_features.TestContentCMS" name="test_homepage_non_admin_forbidden" time="0.977" /><testcase classname="backend.tests.test_homesqre_new_features.TestContentCMS" name="test_admin_update_interiors_with_nested_matrix" time="0.101" /><testcase classname="backend.tests.test_homesqre_new_features.TestContentCMS" name="test_interiors_non_admin_forbidden" time="0.051" /><testcase classname="backend.tests.test_homesqre_new_features.TestInquiryChat" name="test_append_message" time="0.208" /><testcase classname="backend.tests.test_homesqre_new_features.TestInquiryChat" name="test_append_note" time="0.163" /><testcase classname="backend.tests.test_homesqre_new_features.TestInquiryChat" name="test_set_next_followup" time="0.162" /><testcase classname="backend.tests.test_homesqre_new_features.TestInquiryChat" name="test_wrong_owner_403" time="0.698" /><testcase classname="backend.tests.test_homesqre_new_features.TestRegressions" name="test_bearer_wins_over_stale_cookie" time="0.697" /><testcase classname="backend.tests.test_homesqre_new_features.TestRegressions" name="test_admin_listing_status_preserves_is_featured" time="0.262" /><testcase classname="backend.tests.test_homesqre_new_features.TestRegressions" name="test_admin_project_status_preserves_is_featured" time="0.254" /><testcase classname="backend.tests.test_refactor_full_regression" name="test_health_ok" time="0.135" /><testcase classname="backend.tests.test_refactor_full_regression" name="test_homepage_defaults" time="0.096" /><testcase classname="backend.tests.test_refactor_full_regression" name="test_interiors_defaults_and_cost_matrix" time="0.096" /><testcase classname="backend.tests.test_refactor_full_regression" name="test_banks_seeded_min_8_includes_sbi_hdfc" time="0.102" /><testcase classname="backend.tests.test_refactor_full_regression" name="test_amenities_seeded_min_30" time="0.100" /><testcase classname="backend.tests.test_refactor_full_regression" name="test_bangalore_localities_seeded_min_15" time="0.107" /><testcase classname="backend.tests.test_refactor_full_regression" name="test_login_sets_httponly_samesite_cookie_and_returns_token" time="0.345" /><testcase classname="backend.tests.test_refactor_full_regression" name="test_auth_me_via_bearer_excludes_id_and_password_hash" time="0.423" /><testcase classname="backend.tests.test_refactor_full_regression" name="test_auth_me_via_cookie_only" time="0.369" /><testcase classname="backend.tests.test_refactor_full_regression" name="test_logout_clears_cookies" time="0.437" /><testcase classname="backend.tests.test_refactor_full_regression" name="test_listings_seeded_at_least_12" time="0.109" /><testcase classname="backend.tests.test_refactor_full_regression" name="test_projects_seeded_with_relations" time="0.097" /><testcase classname="backend.tests.test_refactor_full_regression" name="test_universal_search_whitefield" time="0.107" /><testcase classname="backend.tests.test_refactor_full_regression" name="test_inquiry_public_post_and_duplicate_409" time="0.290" /><testcase classname="backend.tests.test_refactor_full_regression" name="test_admin_put_content_homepage_deep_merges" time="0.721" /><testcase classname="backend.tests.test_refactor_full_regression" name="test_cors_preflight_has_acao_header" time="0.063" /><testcase classname="backend.tests.test_refactor_full_regression" name="test_upload_authenticated_does_not_500" time="0.598" /><testcase classname="backend.tests.test_refactor_full_regression" name="test_admin_users_admin_200_customer_403" time="0.853" /><testcase classname="backend.tests.test_refactor_full_regression" name="test_project_microsite_by_slug_bangalore" time="0.235" /><testcase classname="backend.tests.test_refactor_regression" name="test_health" time="0.102" /><testcase classname="backend.tests.test_refactor_regression" name="test_homepage_defaults_present" time="0.097" /><testcase classname="backend.tests.test_refactor_regression" name="test_interiors_defaults_present" time="0.099" /><testcase classname="backend.tests.test_refactor_regression" name="test_banks_seeded" time="0.102" /><testcase classname="backend.tests.test_refactor_regression" name="test_amenities_seeded" time="0.099" /><testcase classname="backend.tests.test_refactor_regression" name="test_login_sets_cookie_and_returns_token" time="0.321" /><testcase classname="backend.tests.test_refactor_regression" name="test_auth_me_via_bearer" time="0.438" /><testcase classname="backend.tests.test_refactor_regression" name="test_cors_wildcard_or_allowlist" time="0.063" /><testcase classname="backend.tests.test_refactor_regression" name="test_storage_adapter_selectable" time="0.001" /><testcase classname="backend.tests.test_refactor_regression" name="test_defaults_module_has_expected_keys" time="0.001" /></testsuite></testsuites>