<?xml version="1.0" encoding="utf-8"?><testsuites name="pytest tests"><testsuite name="pytest" errors="0" failures="0" skipped="0" tests="65" time="16.460" timestamp="2026-05-16T11:37:47.806729+00:00" hostname="agent-env-0dd64f46-d1b6-4d6d-a93c-794f00cc4516"><testcase classname="backend.tests.test_homesqre_backend" name="test_root" time="0.256" /><testcase classname="backend.tests.test_homesqre_backend.TestAuth" name="test_register_and_dev_otp" time="0.327" /><testcase classname="backend.tests.test_homesqre_backend.TestAuth" name="test_register_duplicate_email_400" time="0.046" /><testcase classname="backend.tests.test_homesqre_backend.TestAuth" name="test_verify_otp_accepts_000000" time="0.322" /><testcase classname="backend.tests.test_homesqre_backend.TestAuth" name="test_seeded_user_login[admin@homesqre.com-Homesqre@2026-admin]" time="0.268" /><testcase classname="backend.tests.test_homesqre_backend.TestAuth" name="test_seeded_user_login[agent@homesqre.com-Agent@2026-agent]" time="0.268" /><testcase classname="backend.tests.test_homesqre_backend.TestAuth" name="test_seeded_user_login[builder@homesqre.com-Builder@2026-builder]" time="0.270" /><testcase classname="backend.tests.test_homesqre_backend.TestAuth" name="test_seeded_user_login[customer@homesqre.com-Customer@2026-customer]" time="0.270" /><testcase classname="backend.tests.test_homesqre_backend.TestAuth" name="test_login_wrong_password_401" time="0.270" /><testcase classname="backend.tests.test_homesqre_backend.TestAuth" name="test_me_via_bearer" time="0.316" /><testcase classname="backend.tests.test_homesqre_backend.TestAuth" name="test_me_via_cookie" time="0.370" /><testcase classname="backend.tests.test_homesqre_backend.TestAuth" name="test_logout_clears_cookie" time="0.413" /><testcase classname="backend.tests.test_homesqre_backend.TestAuth" name="test_me_without_auth_401" time="0.090" /><testcase classname="backend.tests.test_homesqre_backend.TestAuth" name="test_forgot_and_reset_password" time="1.208" /><testcase classname="backend.tests.test_homesqre_backend.TestAuth" name="test_forgot_unknown_email_returns_ok_no_leak" time="0.045" /><testcase classname="backend.tests.test_homesqre_backend.TestCatalog" name="test_banks_seeded" time="0.049" /><testcase classname="backend.tests.test_homesqre_backend.TestCatalog" name="test_amenities_seeded" time="0.047" /><testcase classname="backend.tests.test_homesqre_backend.TestCatalog" name="test_cities_seeded" time="0.045" /><testcase classname="backend.tests.test_homesqre_backend.TestCatalog" name="test_localities_seeded" time="0.047" /><testcase classname="backend.tests.test_homesqre_backend.TestListings" name="test_list_listings_seeded" time="0.046" /><testcase classname="backend.tests.test_homesqre_backend.TestListings" name="test_get_listing_increments_views" time="0.137" /><testcase classname="backend.tests.test_homesqre_backend.TestListings" name="test_agent_create_update_delete" time="0.508" /><testcase classname="backend.tests.test_homesqre_backend.TestListings" name="test_customer_cannot_create_listing" time="0.312" /><testcase classname="backend.tests.test_homesqre_backend.TestListings" name="test_unauth_cannot_create_listing" time="0.147" /><testcase classname="backend.tests.test_homesqre_backend.TestProjects" name="test_list_projects_seeded" time="0.055" /><testcase classname="backend.tests.test_homesqre_backend.TestProjects" name="test_get_by_slug" time="0.093" /><testcase classname="backend.tests.test_homesqre_backend.TestProjects" name="test_builder_create_update" time="0.405" /><testcase classname="backend.tests.test_homesqre_backend.TestProjects" name="test_agent_cannot_create_project" time="0.045" /><testcase classname="backend.tests.test_homesqre_backend.TestInquiries" name="test_create_inquiry_for_listing_autoassign" time="0.137" /><testcase classname="backend.tests.test_homesqre_backend.TestInquiries" name="test_create_inquiry_requires_listing_or_project" time="0.085" /><testcase classname="backend.tests.test_homesqre_backend.TestInquiries" name="test_agent_only_sees_own" time="0.093" /><testcase classname="backend.tests.test_homesqre_backend.TestInquiries" name="test_update_inquiry_note_and_status" time="0.093" /><testcase classname="backend.tests.test_homesqre_backend.TestLeads" name="test_interior_lead_create_and_admin_list" time="0.174" /><testcase classname="backend.tests.test_homesqre_backend.TestLeads" name="test_loan_lead_create_and_admin_list" time="0.093" /><testcase classname="backend.tests.test_homesqre_backend.TestSearch" name="test_search_returns_three_buckets" time="0.051" /><testcase classname="backend.tests.test_homesqre_backend.TestContent" name="test_homepage_default" time="0.046" /><testcase classname="backend.tests.test_homesqre_backend.TestContent" name="test_interiors_default" time="0.047" /><testcase classname="backend.tests.test_homesqre_backend.TestContent" name="test_admin_update_homepage" time="0.135" /><testcase classname="backend.tests.test_homesqre_backend.TestAdmin" name="test_admin_list_users" time="0.047" /><testcase classname="backend.tests.test_homesqre_backend.TestAdmin" name="test_non_admin_cannot_list_users" time="0.045" /><testcase classname="backend.tests.test_homesqre_backend.TestAdmin" name="test_admin_update_user_role" time="0.315" /><testcase classname="backend.tests.test_homesqre_backend.TestAdmin" name="test_admin_listing_status" time="0.095" /><testcase classname="backend.tests.test_homesqre_backend.TestAdmin" name="test_admin_project_status" time="0.100" /><testcase classname="backend.tests.test_homesqre_backend.TestAdmin" name="test_admin_update_bank_logs_rate" time="0.097" /><testcase classname="backend.tests.test_homesqre_backend.TestAdmin" name="test_admin_toggle_amenity" time="0.143" /><testcase classname="backend.tests.test_homesqre_backend.TestAdmin" name="test_builder_suggested_amenity_pending" time="0.046" /><testcase classname="backend.tests.test_homesqre_backend.TestAdmin" name="test_admin_analytics" time="0.053" /><testcase classname="backend.tests.test_homesqre_backend.TestAuthz" name="test_agent_cannot_edit_other_agent_listing" time="0.679" /><testcase classname="backend.tests.test_homesqre_backend.TestAuthz" name="test_builder_cannot_edit_other_builder_project" time="0.684" /><testcase classname="backend.tests.test_homesqre_backend.TestFavourites" name="test_add_list_remove" time="0.339" /><testcase classname="backend.tests.test_homesqre_new_features.TestMeProfile" name="test_register_returns_profile_completed_true" time="0.370" /><testcase classname="backend.tests.test_homesqre_new_features.TestMeProfile" name="test_update_profile_authed" time="0.337" /><testcase classname="backend.tests.test_homesqre_new_features.TestMeProfile" name="test_update_profile_rejects_invalid_role" time="0.384" /><testcase classname="backend.tests.test_homesqre_new_features.TestMeProfile" name="test_update_profile_unauthenticated_401" time="0.131" /><testcase classname="backend.tests.test_homesqre_new_features.TestContentCMS" name="test_admin_update_homepage" time="0.381" /><testcase classname="backend.tests.test_homesqre_new_features.TestContentCMS" name="test_homepage_non_admin_forbidden" time="1.420" /><testcase classname="backend.tests.test_homesqre_new_features.TestContentCMS" name="test_admin_update_interiors_with_nested_matrix" time="0.116" /><testcase classname="backend.tests.test_homesqre_new_features.TestContentCMS" name="test_interiors_non_admin_forbidden" time="0.058" /><testcase classname="backend.tests.test_homesqre_new_features.TestInquiryChat" name="test_append_message" time="0.223" /><testcase classname="backend.tests.test_homesqre_new_features.TestInquiryChat" name="test_append_note" time="0.282" /><testcase classname="backend.tests.test_homesqre_new_features.TestInquiryChat" name="test_set_next_followup" time="0.212" /><testcase classname="backend.tests.test_homesqre_new_features.TestInquiryChat" name="test_wrong_owner_403" time="0.721" /><testcase classname="backend.tests.test_homesqre_new_features.TestRegressions" name="test_bearer_wins_over_stale_cookie" time="0.693" /><testcase classname="backend.tests.test_homesqre_new_features.TestRegressions" name="test_admin_listing_status_preserves_is_featured" time="0.281" /><testcase classname="backend.tests.test_homesqre_new_features.TestRegressions" name="test_admin_project_status_preserves_is_featured" time="0.270" /></testsuite></testsuites>