<?xml version="1.0" encoding="utf-8"?><testsuites name="pytest tests"><testsuite name="pytest" errors="0" failures="0" skipped="0" tests="55" time="25.269" timestamp="2026-05-26T14:36:54.373150+00:00" hostname="agent-env-a196b9e8-49cd-450e-91b7-cabe7cde4faa"><testcase classname="tests.test_crm_phase_a" name="test_crm_default_seeds" time="1.210" /><testcase classname="tests.test_crm_phase_a" name="test_crm_status_crud" time="0.373" /><testcase classname="tests.test_crm_phase_a" name="test_crm_source_admin_only" time="0.472" /><testcase classname="tests.test_crm_phase_a" name="test_lead_create_admin" time="0.255" /><testcase classname="tests.test_crm_phase_a" name="test_lead_create_sales_auto_assigns_self" time="0.134" /><testcase classname="tests.test_crm_phase_a" name="test_lead_create_requires_name_phone" time="0.142" /><testcase classname="tests.test_crm_phase_a" name="test_lead_create_rejects_unknown_status" time="0.129" /><testcase classname="tests.test_crm_phase_a" name="test_lead_list_sales_scoped_to_self" time="0.117" /><testcase classname="tests.test_crm_phase_a" name="test_sales_cannot_delete" time="0.394" /><testcase classname="tests.test_crm_phase_a" name="test_sales_cannot_use_admin_put_endpoint" time="0.232" /><testcase classname="tests.test_crm_phase_a" name="test_status_change_auto_reassigns_role" time="0.841" /><testcase classname="tests.test_crm_phase_a" name="test_comment_only_assignee_or_admin" time="0.570" /><testcase classname="tests.test_crm_phase_a" name="test_followup_and_filter" time="0.557" /><testcase classname="tests.test_crm_phase_a" name="test_public_lead_capture" time="0.115" /><testcase classname="tests.test_crm_phase_a" name="test_public_lead_requires_name_phone" time="0.155" /><testcase classname="tests.test_crm_phase_a" name="test_interior_leads_shim_writes_unified" time="0.121" /><testcase classname="tests.test_crm_phase_a" name="test_discovery_calls_shim_writes_unified" time="0.109" /><testcase classname="tests.test_crm_phase_a" name="test_csv_export_admin_only" time="0.222" /><testcase classname="tests.test_crm_phase_a" name="test_budget_options_public" time="0.109" /><testcase classname="tests.test_designer_restructure" name="test_leads_endpoint_strips_phone_email_for_designer" time="1.584" /><testcase classname="tests.test_designer_restructure" name="test_design_project_detail_includes_verification_pdfs" time="0.687" /><testcase classname="tests.test_lead_design_linkage" name="test_ready_for_quotation_status_seeded" time="0.957" /><testcase classname="tests.test_lead_design_linkage" name="test_approval_links_lead_and_auto_promotes_to_quotation" time="1.683" /><testcase classname="tests.test_lead_design_linkage" name="test_designer_can_change_linked_lead_status_and_comment" time="0.578" /><testcase classname="tests.test_phase_b_package_adjustment" name="test_packages_endpoint_lists_options" time="0.576" /><testcase classname="tests.test_phase_b_package_adjustment" name="test_reject_package_auto_calculates_differential" time="1.011" /><testcase classname="tests.test_phase_b_package_adjustment" name="test_reject_package_missing_corrected_fields_400" time="0.244" /><testcase classname="tests.test_phase_b_package_adjustment" name="test_reject_package_unknown_combo_400" time="0.220" /><testcase classname="tests.test_phase_b_package_adjustment" name="test_reject_package_no_differential_auto_approves" time="0.379" /><testcase classname="tests.test_phase_b_package_adjustment" name="test_customer_pays_package_adjustment" time="0.589" /><testcase classname="tests.test_phase_b_package_adjustment" name="test_pay_without_adjustment_400" time="0.107" /><testcase classname="tests.test_phase_b_package_adjustment" name="test_approve_auto_creates_design_project_and_advances_to_designing" time="0.340" /><testcase classname="tests.test_phase_c_design_iteration" name="test_admin_starts_designing_creates_project" time="1.443" /><testcase classname="tests.test_phase_c_design_iteration" name="test_customer_phase_set_to_designing" time="0.107" /><testcase classname="tests.test_phase_c_design_iteration" name="test_designer_upload_requires_comment" time="0.458" /><testcase classname="tests.test_phase_c_design_iteration" name="test_designer_upload_rejects_disallowed_type" time="0.130" /><testcase classname="tests.test_phase_c_design_iteration" name="test_designer_upload_succeeds" time="0.300" /><testcase classname="tests.test_phase_c_design_iteration" name="test_customer_sees_image" time="0.123" /><testcase classname="tests.test_phase_c_design_iteration" name="test_customer_needs_improvement_requires_comment" time="0.219" /><testcase classname="tests.test_phase_c_design_iteration" name="test_customer_needs_improvement_loop" time="0.618" /><testcase classname="tests.test_phase_c_design_iteration" name="test_project_only_promotes_when_all_approved" time="0.335" /><testcase classname="tests.test_phase_c_design_iteration" name="test_quotation_status_endpoint_not_yet_available" time="0.127" /><testcase classname="tests.test_phase_c_design_iteration" name="test_full_approval_promotes_to_quotation" time="0.446" /><testcase classname="tests.test_phase_c_design_iteration" name="test_admin_quotation_status_dropdown_uses_crm_statuses" time="0.251" /><testcase classname="tests.test_phase_c_design_iteration" name="test_admin_filter_ready_for_quotation" time="0.143" /><testcase classname="tests.test_workflow_tweaks" name="test_verification_accepts_project_name_and_multiple_pdf_urls" time="1.704" /><testcase classname="tests.test_workflow_tweaks" name="test_verification_rejects_empty_pdf_urls" time="0.122" /><testcase classname="tests.test_workflow_tweaks" name="test_verification_legacy_single_pdf_still_works" time="0.116" /><testcase classname="tests.test_workflow_tweaks" name="test_designer_verifications_hide_email_mobile" time="0.584" /><testcase classname="tests.test_workflow_tweaks" name="test_designer_design_projects_hide_email_mobile" time="0.539" /><testcase classname="tests.test_workflow_tweaks" name="test_admin_analytics_overview_shape" time="0.152" /><testcase classname="tests.test_workflow_tweaks" name="test_admin_analytics_overview_forbidden_for_non_admin" time="0.106" /><testcase classname="tests.test_workflow_tweaks" name="test_leads_followup_today_filter" time="0.129" /><testcase classname="tests.test_workflow_tweaks" name="test_approve_floor_plan_wires_design_and_site_visit" time="1.208" /><testcase classname="tests.test_workflow_tweaks" name="test_site_visit_endpoint_rejects_empty" time="0.507" /></testsuite></testsuites>