<?xml version="1.0" encoding="utf-8"?><testsuites name="pytest tests"><testsuite name="pytest" errors="0" failures="0" skipped="0" tests="9" time="3.887" timestamp="2026-05-27T06:17:54.471718+00:00" hostname="agent-env-9b101f76-dd36-4245-9da6-bbc32684c1a4"><testcase classname="tests.test_iter9_round_assignment" name="test_first_upload_creates_round_1" time="2.207" /><testcase classname="tests.test_iter9_round_assignment" name="test_sequential_upload_shares_round_1" time="0.275" /><testcase classname="tests.test_iter9_round_assignment" name="test_project_has_two_round1_images" time="0.117" /><testcase classname="tests.test_iter9_round_assignment" name="test_customer_flags_one_needs_improvement" time="0.205" /><testcase classname="tests.test_iter9_round_assignment" name="test_customer_approves_second_round1_image" time="0.218" /><testcase classname="tests.test_iter9_round_assignment" name="test_designer_uploads_round2_starts_new_round" time="0.307" /><testcase classname="tests.test_iter9_round_assignment" name="test_project_promotes_when_latest_round_approved" time="0.200" /><testcase classname="tests.test_iter9_round_assignment" name="test_customer_phase_advanced_to_ready_for_quotation" time="0.101" /><testcase classname="tests.test_iter9_round_assignment" name="test_project_status_in_db_is_ready_for_quotation" time="0.117" /></testsuite></testsuites>