<?xml version="1.0" encoding="utf-8"?><testsuites name="pytest tests"><testsuite name="pytest" errors="0" failures="0" skipped="0" tests="13" time="4.459" timestamp="2026-05-27T06:12:10.237430+00:00" hostname="agent-env-9b101f76-dd36-4245-9da6-bbc32684c1a4"><testcase classname="tests.test_phase_c_design_iteration" name="test_admin_starts_designing_creates_project" time="1.484" /><testcase classname="tests.test_phase_c_design_iteration" name="test_customer_phase_set_to_designing" time="0.106" /><testcase classname="tests.test_phase_c_design_iteration" name="test_designer_upload_requires_comment" time="0.453" /><testcase classname="tests.test_phase_c_design_iteration" name="test_designer_upload_rejects_disallowed_type" time="0.114" /><testcase classname="tests.test_phase_c_design_iteration" name="test_designer_upload_succeeds" time="0.283" /><testcase classname="tests.test_phase_c_design_iteration" name="test_customer_sees_image" time="0.115" /><testcase classname="tests.test_phase_c_design_iteration" name="test_customer_needs_improvement_requires_comment" time="0.236" /><testcase classname="tests.test_phase_c_design_iteration" name="test_customer_needs_improvement_loop" time="0.551" /><testcase classname="tests.test_phase_c_design_iteration" name="test_project_promotes_when_latest_round_fully_approved" time="0.325" /><testcase classname="tests.test_phase_c_design_iteration" name="test_quotation_status_endpoint_is_available_after_promotion" time="0.097" /><testcase classname="tests.test_phase_c_design_iteration" name="test_project_already_ready_for_quotation" time="0.220" /><testcase classname="tests.test_phase_c_design_iteration" name="test_admin_quotation_status_dropdown_uses_crm_statuses" time="0.214" /><testcase classname="tests.test_phase_c_design_iteration" name="test_admin_filter_ready_for_quotation" time="0.126" /></testsuite></testsuites>