<?xml version="1.0" encoding="utf-8"?><testsuites name="pytest tests"><testsuite name="pytest" errors="0" failures="0" skipped="0" tests="15" time="5.235" timestamp="2026-05-16T11:19:31.331353+00:00" hostname="agent-env-0dd64f46-d1b6-4d6d-a93c-794f00cc4516"><testcase classname="backend.tests.test_homesqre_new_features.TestMeProfile" name="test_register_returns_profile_completed_true" time="0.491" /><testcase classname="backend.tests.test_homesqre_new_features.TestMeProfile" name="test_update_profile_authed" time="0.324" /><testcase classname="backend.tests.test_homesqre_new_features.TestMeProfile" name="test_update_profile_rejects_invalid_role" time="0.379" /><testcase classname="backend.tests.test_homesqre_new_features.TestMeProfile" name="test_update_profile_unauthenticated_401" time="0.110" /><testcase classname="backend.tests.test_homesqre_new_features.TestContentCMS" name="test_admin_update_homepage" time="0.368" /><testcase classname="backend.tests.test_homesqre_new_features.TestContentCMS" name="test_homepage_non_admin_forbidden" time="0.952" /><testcase classname="backend.tests.test_homesqre_new_features.TestContentCMS" name="test_admin_update_interiors_with_nested_matrix" time="0.092" /><testcase classname="backend.tests.test_homesqre_new_features.TestContentCMS" name="test_interiors_non_admin_forbidden" time="0.046" /><testcase classname="backend.tests.test_homesqre_new_features.TestInquiryChat" name="test_append_message" time="0.191" /><testcase classname="backend.tests.test_homesqre_new_features.TestInquiryChat" name="test_append_note" time="0.144" /><testcase classname="backend.tests.test_homesqre_new_features.TestInquiryChat" name="test_set_next_followup" time="0.144" /><testcase classname="backend.tests.test_homesqre_new_features.TestInquiryChat" name="test_wrong_owner_403" time="0.672" /><testcase classname="backend.tests.test_homesqre_new_features.TestRegressions" name="test_bearer_wins_over_stale_cookie" time="0.768" /><testcase classname="backend.tests.test_homesqre_new_features.TestRegressions" name="test_admin_listing_status_preserves_is_featured" time="0.237" /><testcase classname="backend.tests.test_homesqre_new_features.TestRegressions" name="test_admin_project_status_preserves_is_featured" time="0.236" /></testsuite></testsuites>