<?xml version="1.0" encoding="utf-8"?><testsuites name="pytest tests"><testsuite name="pytest" errors="0" failures="0" skipped="0" tests="53" time="20.897" timestamp="2026-05-26T11:37:45.663662+00:00" hostname="agent-env-a196b9e8-49cd-450e-91b7-cabe7cde4faa"><testcase classname="tests.test_crm_phase_a" name="test_crm_default_seeds" time="1.125" /><testcase classname="tests.test_crm_phase_a" name="test_crm_status_crud" time="0.307" /><testcase classname="tests.test_crm_phase_a" name="test_crm_source_admin_only" time="0.451" /><testcase classname="tests.test_crm_phase_a" name="test_lead_create_admin" time="0.214" /><testcase classname="tests.test_crm_phase_a" name="test_lead_create_sales_auto_assigns_self" time="0.100" /><testcase classname="tests.test_crm_phase_a" name="test_lead_create_requires_name_phone" time="0.098" /><testcase classname="tests.test_crm_phase_a" name="test_lead_create_rejects_unknown_status" time="0.108" /><testcase classname="tests.test_crm_phase_a" name="test_lead_list_sales_scoped_to_self" time="0.108" /><testcase classname="tests.test_crm_phase_a" name="test_sales_cannot_delete" time="0.300" /><testcase classname="tests.test_crm_phase_a" name="test_sales_cannot_use_admin_put_endpoint" time="0.214" /><testcase classname="tests.test_crm_phase_a" name="test_status_change_auto_reassigns_role" time="0.766" /><testcase classname="tests.test_crm_phase_a" name="test_comment_only_assignee_or_admin" time="0.537" /><testcase classname="tests.test_crm_phase_a" name="test_followup_and_filter" time="0.531" /><testcase classname="tests.test_crm_phase_a" name="test_public_lead_capture" time="0.112" /><testcase classname="tests.test_crm_phase_a" name="test_public_lead_requires_name_phone" time="0.099" /><testcase classname="tests.test_crm_phase_a" name="test_interior_leads_shim_writes_unified" time="0.104" /><testcase classname="tests.test_crm_phase_a" name="test_discovery_calls_shim_writes_unified" time="0.109" /><testcase classname="tests.test_crm_phase_a" name="test_csv_export_admin_only" time="0.207" /><testcase classname="tests.test_crm_phase_a" name="test_budget_options_public" time="0.132" /><testcase classname="tests.test_lead_design_linkage" name="test_ready_for_quotation_status_seeded" time="0.893" /><testcase classname="tests.test_lead_design_linkage" name="test_approval_links_lead_and_auto_promotes_to_quotation" time="1.535" /><testcase classname="tests.test_lead_design_linkage" name="test_designer_can_change_linked_lead_status_and_comment" time="0.546" /><testcase classname="tests.test_phase_b_package_adjustment" name="test_packages_endpoint_lists_options" time="0.564" /><testcase classname="tests.test_phase_b_package_adjustment" name="test_reject_package_auto_calculates_differential" time="1.016" /><testcase classname="tests.test_phase_b_package_adjustment" name="test_reject_package_missing_corrected_fields_400" time="0.210" /><testcase classname="tests.test_phase_b_package_adjustment" name="test_reject_package_unknown_combo_400" time="0.229" /><testcase classname="tests.test_phase_b_package_adjustment" name="test_reject_package_no_differential_auto_approves" time="0.319" /><testcase classname="tests.test_phase_b_package_adjustment" name="test_customer_pays_package_adjustment" time="0.548" /><testcase classname="tests.test_phase_b_package_adjustment" name="test_pay_without_adjustment_400" time="0.099" /><testcase classname="tests.test_phase_b_package_adjustment" name="test_approve_auto_creates_design_project_and_advances_to_designing" time="0.340" /><testcase classname="tests.test_phase_c_design_iteration" name="test_admin_starts_designing_creates_project" time="1.318" /><testcase classname="tests.test_phase_c_design_iteration" name="test_customer_phase_set_to_designing" time="0.105" /><testcase classname="tests.test_phase_c_design_iteration" name="test_designer_upload_requires_comment" time="0.436" /><testcase classname="tests.test_phase_c_design_iteration" name="test_designer_upload_rejects_disallowed_type" time="0.115" /><testcase classname="tests.test_phase_c_design_iteration" name="test_designer_upload_succeeds" time="0.259" /><testcase classname="tests.test_phase_c_design_iteration" name="test_customer_sees_image" time="0.103" /><testcase classname="tests.test_phase_c_design_iteration" name="test_customer_needs_improvement_requires_comment" time="0.226" /><testcase classname="tests.test_phase_c_design_iteration" name="test_customer_needs_improvement_loop" time="0.618" /><testcase classname="tests.test_phase_c_design_iteration" name="test_project_only_promotes_when_all_approved" time="0.329" /><testcase classname="tests.test_phase_c_design_iteration" name="test_quotation_status_endpoint_not_yet_available" time="0.129" /><testcase classname="tests.test_phase_c_design_iteration" name="test_full_approval_promotes_to_quotation" time="0.447" /><testcase classname="tests.test_phase_c_design_iteration" name="test_admin_quotation_status_dropdown_uses_crm_statuses" time="0.227" /><testcase classname="tests.test_phase_c_design_iteration" name="test_admin_filter_ready_for_quotation" time="0.120" /><testcase classname="tests.test_workflow_tweaks" name="test_verification_accepts_project_name_and_multiple_pdf_urls" time="1.468" /><testcase classname="tests.test_workflow_tweaks" name="test_verification_rejects_empty_pdf_urls" time="0.102" /><testcase classname="tests.test_workflow_tweaks" name="test_verification_legacy_single_pdf_still_works" time="0.107" /><testcase classname="tests.test_workflow_tweaks" name="test_designer_verifications_hide_email_mobile" time="0.474" /><testcase classname="tests.test_workflow_tweaks" name="test_designer_design_projects_hide_email_mobile" time="0.434" /><testcase classname="tests.test_workflow_tweaks" name="test_admin_analytics_overview_shape" time="0.118" /><testcase classname="tests.test_workflow_tweaks" name="test_admin_analytics_overview_forbidden_for_non_admin" time="0.106" /><testcase classname="tests.test_workflow_tweaks" name="test_leads_followup_today_filter" time="0.104" /><testcase classname="tests.test_workflow_tweaks" name="test_approve_floor_plan_wires_design_and_site_visit" time="1.015" /><testcase classname="tests.test_workflow_tweaks" name="test_site_visit_endpoint_rejects_empty" time="0.445" /></testsuite></testsuites>