<?xml version="1.0" encoding="utf-8"?><testsuites name="pytest tests"><testsuite name="pytest" errors="0" failures="0" skipped="0" tests="50" time="11.118" timestamp="2026-05-16T10:57:57.293042+00:00" hostname="agent-env-0dd64f46-d1b6-4d6d-a93c-794f00cc4516"><testcase classname="backend.tests.test_homesqre_backend" name="test_root" time="0.239" /><testcase classname="backend.tests.test_homesqre_backend.TestAuth" name="test_register_and_dev_otp" time="0.339" /><testcase classname="backend.tests.test_homesqre_backend.TestAuth" name="test_register_duplicate_email_400" time="0.052" /><testcase classname="backend.tests.test_homesqre_backend.TestAuth" name="test_verify_otp_accepts_000000" time="0.343" /><testcase classname="backend.tests.test_homesqre_backend.TestAuth" name="test_seeded_user_login[admin@homesqre.com-Homesqre@2026-admin]" time="0.282" /><testcase classname="backend.tests.test_homesqre_backend.TestAuth" name="test_seeded_user_login[agent@homesqre.com-Agent@2026-agent]" time="0.279" /><testcase classname="backend.tests.test_homesqre_backend.TestAuth" name="test_seeded_user_login[builder@homesqre.com-Builder@2026-builder]" time="0.282" /><testcase classname="backend.tests.test_homesqre_backend.TestAuth" name="test_seeded_user_login[customer@homesqre.com-Customer@2026-customer]" time="0.273" /><testcase classname="backend.tests.test_homesqre_backend.TestAuth" name="test_login_wrong_password_401" time="0.289" /><testcase classname="backend.tests.test_homesqre_backend.TestAuth" name="test_me_via_bearer" time="0.336" /><testcase classname="backend.tests.test_homesqre_backend.TestAuth" name="test_me_via_cookie" time="0.434" /><testcase classname="backend.tests.test_homesqre_backend.TestAuth" name="test_logout_clears_cookie" time="0.388" /><testcase classname="backend.tests.test_homesqre_backend.TestAuth" name="test_me_without_auth_401" time="0.118" /><testcase classname="backend.tests.test_homesqre_backend.TestAuth" name="test_forgot_and_reset_password" time="1.173" /><testcase classname="backend.tests.test_homesqre_backend.TestAuth" name="test_forgot_unknown_email_returns_ok_no_leak" time="0.055" /><testcase classname="backend.tests.test_homesqre_backend.TestCatalog" name="test_banks_seeded" time="0.052" /><testcase classname="backend.tests.test_homesqre_backend.TestCatalog" name="test_amenities_seeded" time="0.084" /><testcase classname="backend.tests.test_homesqre_backend.TestCatalog" name="test_cities_seeded" time="0.052" /><testcase classname="backend.tests.test_homesqre_backend.TestCatalog" name="test_localities_seeded" time="0.052" /><testcase classname="backend.tests.test_homesqre_backend.TestListings" name="test_list_listings_seeded" time="0.056" /><testcase classname="backend.tests.test_homesqre_backend.TestListings" name="test_get_listing_increments_views" time="0.210" /><testcase classname="backend.tests.test_homesqre_backend.TestListings" name="test_agent_create_update_delete" time="0.547" /><testcase classname="backend.tests.test_homesqre_backend.TestListings" name="test_customer_cannot_create_listing" time="0.336" /><testcase classname="backend.tests.test_homesqre_backend.TestListings" name="test_unauth_cannot_create_listing" time="0.130" /><testcase classname="backend.tests.test_homesqre_backend.TestProjects" name="test_list_projects_seeded" time="0.053" /><testcase classname="backend.tests.test_homesqre_backend.TestProjects" name="test_get_by_slug" time="0.108" /><testcase classname="backend.tests.test_homesqre_backend.TestProjects" name="test_builder_create_update" time="0.439" /><testcase classname="backend.tests.test_homesqre_backend.TestProjects" name="test_agent_cannot_create_project" time="0.051" /><testcase classname="backend.tests.test_homesqre_backend.TestInquiries" name="test_create_inquiry_for_listing_autoassign" time="0.157" /><testcase classname="backend.tests.test_homesqre_backend.TestInquiries" name="test_create_inquiry_requires_listing_or_project" time="0.052" /><testcase classname="backend.tests.test_homesqre_backend.TestInquiries" name="test_agent_only_sees_own" time="0.112" /><testcase classname="backend.tests.test_homesqre_backend.TestInquiries" name="test_update_inquiry_note_and_status" time="0.114" /><testcase classname="backend.tests.test_homesqre_backend.TestLeads" name="test_interior_lead_create_and_admin_list" time="0.156" /><testcase classname="backend.tests.test_homesqre_backend.TestLeads" name="test_loan_lead_create_and_admin_list" time="0.110" /><testcase classname="backend.tests.test_homesqre_backend.TestSearch" name="test_search_returns_three_buckets" time="0.053" /><testcase classname="backend.tests.test_homesqre_backend.TestContent" name="test_homepage_default" time="0.053" /><testcase classname="backend.tests.test_homesqre_backend.TestContent" name="test_interiors_default" time="0.054" /><testcase classname="backend.tests.test_homesqre_backend.TestContent" name="test_admin_update_homepage" time="0.186" /><testcase classname="backend.tests.test_homesqre_backend.TestAdmin" name="test_admin_list_users" time="0.058" /><testcase classname="backend.tests.test_homesqre_backend.TestAdmin" name="test_non_admin_cannot_list_users" time="0.056" /><testcase classname="backend.tests.test_homesqre_backend.TestAdmin" name="test_admin_update_user_role" time="0.339" /><testcase classname="backend.tests.test_homesqre_backend.TestAdmin" name="test_admin_listing_status" time="0.114" /><testcase classname="backend.tests.test_homesqre_backend.TestAdmin" name="test_admin_project_status" time="0.111" /><testcase classname="backend.tests.test_homesqre_backend.TestAdmin" name="test_admin_update_bank_logs_rate" time="0.136" /><testcase classname="backend.tests.test_homesqre_backend.TestAdmin" name="test_admin_toggle_amenity" time="0.157" /><testcase classname="backend.tests.test_homesqre_backend.TestAdmin" name="test_builder_suggested_amenity_pending" time="0.055" /><testcase classname="backend.tests.test_homesqre_backend.TestAdmin" name="test_admin_analytics" time="0.056" /><testcase classname="backend.tests.test_homesqre_backend.TestAuthz" name="test_agent_cannot_edit_other_agent_listing" time="0.704" /><testcase classname="backend.tests.test_homesqre_backend.TestAuthz" name="test_builder_cannot_edit_other_builder_project" time="0.696" /><testcase classname="backend.tests.test_homesqre_backend.TestFavourites" name="test_add_list_remove" time="0.402" /></testsuite></testsuites>